2022-02-07 17:18:25,481 INFO - Starting daily calendar update
2022-02-07 17:18:25,496 INFO - Invalid time sync command
2022-02-07 17:18:25,505 INFO - Invalid battery output
2022-02-07 17:18:25,505 INFO - Battery level at start: -1.000
2022-02-07 17:18:25,505 INFO - Time synchronised to 2022-02-08 07:18:25.505805+08:00
2022-02-07 17:18:25,512 INFO - Retrieving events between 2022-02-06T00:00:00+08:00 and 2022-03-12T23:59:59.999999+08:00...
2022-02-07 17:18:25,828 INFO - No upcoming events found.
2022-02-07 17:18:25,829 INFO - Calendar events retrieved in 0:00:00.322785
2022-02-07 17:18:25,834 ERROR - Message: 'chromedriver' executable needs to be in PATH. Please see https://chromedriver.chromium.org/home

2022-02-07 17:18:25,835 INFO - Completed daily calendar update
2022-02-07 17:18:25,835 INFO - Checking if configured to shutdown safely - Current hour: 7
2022-02-16 09:41:27,651 INFO - Starting daily calendar update
2022-02-16 09:41:27,667 INFO - Invalid time sync command
2022-02-16 09:41:27,675 INFO - Invalid battery output
2022-02-16 09:41:27,676 INFO - Battery level at start: -1.000
2022-02-16 09:41:27,676 INFO - Time synchronised to 2022-02-16 23:41:27.676662+08:00
2022-02-16 09:41:27,995 INFO - Retrieving events between 2022-02-13T00:00:00+08:00 and 2022-03-19T23:59:59.999999+08:00...
2022-02-16 09:41:28,329 INFO - No upcoming events found.
2022-02-16 09:41:28,330 INFO - Calendar events retrieved in 0:00:00.653205
2022-02-16 09:41:28,331 ERROR - name 'battText' is not defined
2022-02-16 09:41:28,331 INFO - Completed daily calendar update
2022-02-16 09:41:28,331 INFO - Checking if configured to shutdown safely - Current hour: 23
2022-02-16 09:43:15,920 INFO - Starting daily calendar update
2022-02-16 09:43:15,926 INFO - Invalid time sync command
2022-02-16 09:43:15,927 ERROR - local variable 'currBatteryLevel' referenced before assignment
2022-02-16 09:43:15,927 INFO - Completed daily calendar update
2022-02-16 09:45:12,989 INFO - Starting daily calendar update
2022-02-16 09:45:12,995 INFO - Invalid time sync command
2022-02-16 09:45:12,996 INFO - Time synchronised to 2022-02-16 23:45:12.996453+08:00
2022-02-16 09:45:12,999 INFO - Retrieving events between 2022-02-13T00:00:00+08:00 and 2022-03-19T23:59:59.999999+08:00...
2022-02-16 09:45:13,363 INFO - No upcoming events found.
2022-02-16 09:45:13,363 INFO - Calendar events retrieved in 0:00:00.367188
2022-02-16 09:45:13,364 ERROR - local variable 'currBatteryLevel' referenced before assignment
2022-02-16 09:45:13,364 INFO - Completed daily calendar update
2022-02-16 09:45:13,364 INFO - Checking if configured to shutdown safely - Current hour: 23
2022-02-16 09:45:32,733 INFO - Starting daily calendar update
2022-02-16 09:45:32,739 INFO - Invalid time sync command
2022-02-16 09:45:32,740 INFO - Time synchronised to 2022-02-16 23:45:32.740381+08:00
2022-02-16 09:45:32,743 INFO - Retrieving events between 2022-02-13T00:00:00+08:00 and 2022-03-19T23:59:59.999999+08:00...
2022-02-16 09:45:33,016 INFO - No upcoming events found.
2022-02-16 09:45:33,016 INFO - Calendar events retrieved in 0:00:00.275825
2022-02-16 09:45:33,016 ERROR - 'batteryLevel'
2022-02-16 09:45:33,016 INFO - Completed daily calendar update
2022-02-16 09:45:33,017 INFO - Checking if configured to shutdown safely - Current hour: 23
2022-02-16 09:56:42,857 INFO - Starting daily calendar update
2022-02-16 09:56:42,857 INFO - Time synchronised to 2022-02-16 23:56:42.857475+08:00
2022-02-16 09:56:42,859 INFO - Retrieving events between 2022-02-13T00:00:00+08:00 and 2022-03-19T23:59:59.999999+08:00...
2022-02-16 09:56:43,152 INFO - No upcoming events found.
2022-02-16 09:56:43,153 INFO - Calendar events retrieved in 0:00:00.295588
2022-02-16 09:56:43,153 ERROR - 'batteryLevel'
2022-02-16 09:56:43,153 INFO - Completed daily calendar update
2022-02-16 09:56:43,153 INFO - Checking if configured to shutdown safely - Current hour: 23
2022-02-16 09:58:14,171 INFO - Starting daily calendar update
2022-02-16 09:58:14,171 INFO - Time synchronised to 2022-02-16 23:58:14.171790+08:00
2022-02-16 09:58:14,173 INFO - Retrieving events between 2022-02-13T00:00:00+08:00 and 2022-03-19T23:59:59.999999+08:00...
2022-02-16 09:58:14,426 INFO - No upcoming events found.
2022-02-16 09:58:14,426 INFO - Calendar events retrieved in 0:00:00.254481
2022-02-16 09:58:14,426 ERROR - 'batteryLevel'
2022-02-16 09:58:14,426 INFO - Completed daily calendar update
2022-02-16 09:58:14,426 INFO - Checking if configured to shutdown safely - Current hour: 23
2022-02-16 09:58:21,589 INFO - Starting daily calendar update
2022-02-16 09:58:21,589 INFO - Time synchronised to 2022-02-16 23:58:21.589138+08:00
2022-02-16 09:58:21,590 INFO - Retrieving events between 2022-02-13T00:00:00+08:00 and 2022-03-19T23:59:59.999999+08:00...
2022-02-16 09:58:21,853 INFO - No upcoming events found.
2022-02-16 09:58:21,853 INFO - Calendar events retrieved in 0:00:00.264661
2022-02-16 09:58:21,854 ERROR - 'batteryLevel'
2022-02-16 09:58:21,854 INFO - Completed daily calendar update
2022-02-16 09:58:21,854 INFO - Checking if configured to shutdown safely - Current hour: 23
2022-02-16 10:59:07,053 INFO - Starting daily calendar update
2022-02-16 10:59:07,053 INFO - Time synchronised to 2022-02-17 00:59:07.053678+08:00
2022-02-16 10:59:07,281 INFO - Retrieving events between 2022-02-13T00:00:00+08:00 and 2022-03-19T23:59:59.999999+08:00...
2022-02-16 10:59:07,490 INFO - No upcoming events found.
2022-02-16 10:59:07,490 INFO - Calendar events retrieved in 0:00:00.436030
2022-02-16 10:59:07,491 ERROR - 'batssssteryLevel'
2022-02-16 10:59:07,492 INFO - Completed daily calendar update
2022-02-16 10:59:07,492 INFO - Checking if configured to shutdown safely - Current hour: 0
2022-02-16 10:59:15,452 INFO - Starting daily calendar update
2022-02-16 10:59:15,452 INFO - Time synchronised to 2022-02-17 00:59:15.452307+08:00
2022-02-16 10:59:15,454 INFO - Retrieving events between 2022-02-13T00:00:00+08:00 and 2022-03-19T23:59:59.999999+08:00...
2022-02-16 10:59:15,863 INFO - No upcoming events found.
2022-02-16 10:59:15,863 INFO - Calendar events retrieved in 0:00:00.411017
2022-02-16 10:59:15,864 ERROR - name 'battText' is not defined
2022-02-16 10:59:15,864 INFO - Completed daily calendar update
2022-02-16 10:59:15,864 INFO - Checking if configured to shutdown safely - Current hour: 0
2022-02-16 10:59:28,979 INFO - Starting daily calendar update
2022-02-16 10:59:28,979 INFO - Time synchronised to 2022-02-17 00:59:28.979482+08:00
2022-02-16 10:59:28,982 INFO - Retrieving events between 2022-02-13T00:00:00+08:00 and 2022-03-19T23:59:59.999999+08:00...
2022-02-16 10:59:29,255 INFO - No upcoming events found.
2022-02-16 10:59:29,255 INFO - Calendar events retrieved in 0:00:00.275649
2022-02-16 10:59:29,255 ERROR - 'battText'
2022-02-16 10:59:29,256 INFO - Completed daily calendar update
2022-02-16 10:59:29,256 INFO - Checking if configured to shutdown safely - Current hour: 0
2022-02-16 10:59:58,664 INFO - Starting daily calendar update
2022-02-16 10:59:58,665 INFO - Time synchronised to 2022-02-17 00:59:58.664988+08:00
2022-02-16 10:59:58,667 INFO - Retrieving events between 2022-02-13T00:00:00+08:00 and 2022-03-19T23:59:59.999999+08:00...
2022-02-16 10:59:58,911 INFO - No upcoming events found.
2022-02-16 10:59:58,911 INFO - Calendar events retrieved in 0:00:00.246059
2022-02-16 10:59:58,919 ERROR - Message: 'chromedriver' executable needs to be in PATH. Please see https://chromedriver.chromium.org/home

2022-02-16 10:59:58,920 INFO - Completed daily calendar update
2022-02-16 10:59:58,920 INFO - Checking if configured to shutdown safely - Current hour: 0
2022-02-16 11:01:58,469 INFO - Starting daily calendar update
2022-02-16 11:01:58,470 INFO - Time synchronised to 2022-02-17 01:01:58.470187+08:00
2022-02-16 11:01:58,474 INFO - Retrieving events between 2022-02-13T00:00:00+08:00 and 2022-03-19T23:59:59.999999+08:00...
2022-02-16 11:01:58,770 INFO - No upcoming events found.
2022-02-16 11:01:58,770 INFO - Calendar events retrieved in 0:00:00.300220
2022-02-16 11:01:58,776 ERROR - Message: 'chromedriver' executable needs to be in PATH. Please see https://chromedriver.chromium.org/home

2022-02-16 11:01:58,777 INFO - Completed daily calendar update
2022-02-16 11:01:58,777 INFO - Checking if configured to shutdown safely - Current hour: 1
2022-02-16 11:02:22,023 INFO - Starting daily calendar update
2022-02-16 11:02:22,024 INFO - Time synchronised to 2022-02-17 01:02:22.023938+08:00
2022-02-16 11:02:22,028 INFO - Retrieving events between 2022-02-13T00:00:00+08:00 and 2022-03-19T23:59:59.999999+08:00...
2022-02-16 11:02:22,495 INFO - No upcoming events found.
2022-02-16 11:02:22,495 INFO - Calendar events retrieved in 0:00:00.471534
2022-02-16 11:02:22,502 ERROR - Message: 'chromedriver' executable needs to be in PATH. Please see https://chromedriver.chromium.org/home

2022-02-16 11:02:22,503 INFO - Completed daily calendar update
2022-02-16 11:02:22,503 INFO - Checking if configured to shutdown safely - Current hour: 1
2022-02-16 11:04:21,087 INFO - Starting daily calendar update
2022-02-16 11:04:21,087 INFO - Time synchronised to 2022-02-17 01:04:21.087894+08:00
2022-02-16 11:04:21,091 INFO - Retrieving events between 2022-02-13T00:00:00+08:00 and 2022-03-19T23:59:59.999999+08:00...
2022-02-16 11:04:21,580 INFO - No upcoming events found.
2022-02-16 11:04:21,580 INFO - Calendar events retrieved in 0:00:00.492656
2022-02-16 11:04:21,587 ERROR - Message: 'chromedriver' executable needs to be in PATH. Please see https://chromedriver.chromium.org/home

2022-02-16 11:04:21,588 INFO - Completed daily calendar update
2022-02-16 11:04:21,588 INFO - Checking if configured to shutdown safely - Current hour: 1
2022-02-16 11:05:10,291 INFO - Starting daily calendar update
2022-02-16 11:05:10,292 INFO - Time synchronised to 2022-02-17 01:05:10.292185+08:00
2022-02-16 11:05:10,299 INFO - Retrieving events between 2022-02-13T00:00:00+08:00 and 2022-03-19T23:59:59.999999+08:00...
2022-02-16 11:05:10,515 INFO - No upcoming events found.
2022-02-16 11:05:10,515 INFO - Calendar events retrieved in 0:00:00.223133
2022-02-16 11:05:36,730 ERROR - Message: Service chromedriver unexpectedly exited. Status code was: -9

2022-02-16 11:05:36,737 INFO - Completed daily calendar update
2022-02-16 11:05:36,738 INFO - Checking if configured to shutdown safely - Current hour: 1
2022-02-16 11:05:40,167 INFO - Starting daily calendar update
2022-02-16 11:05:40,167 INFO - Time synchronised to 2022-02-17 01:05:40.167875+08:00
2022-02-16 11:05:40,172 INFO - Retrieving events between 2022-02-13T00:00:00+08:00 and 2022-03-19T23:59:59.999999+08:00...
2022-02-16 11:05:40,414 INFO - No upcoming events found.
2022-02-16 11:05:40,414 INFO - Calendar events retrieved in 0:00:00.246306
2022-02-16 11:05:51,455 INFO - Screenshot captured and saved to file.
2022-02-16 11:05:52,698 INFO - Image colours processed. Extracted grayscale and red images.
2022-02-16 11:05:52,699 INFO - Completed daily calendar update
2022-02-16 11:05:52,699 INFO - Checking if configured to shutdown safely - Current hour: 1
